#
# There is insufficient memory for the Java Runtime Environment to continue.
# Native memory allocation (mmap) failed to map 134217728 bytes for G1 virtual space
# Possible reasons:
#   The system is out of physical RAM or swap space
#   The process is running with CompressedOops enabled, and the Java Heap may be blocking the growth of the native heap
# Possible solutions:
#   Reduce memory load on the system
#   Increase physical memory or swap space
#   Check if swap backing store is full
#   Decrease Java heap size (-Xmx/-Xms)
#   Decrease number of Java threads
#   Decrease Java thread stack sizes (-Xss)
#   Set larger code cache with -XX:ReservedCodeCacheSize=
#   JVM is running with Unscaled Compressed Oops mode in which the Java heap is
#     placed in the first 4GB address space. The Java Heap base address is the
#     maximum limit for the native heap growth. Please use -XX:HeapBaseMinAddress
#     to set the Java Heap base and to place the Java Heap above 4GB virtual address.
# This output file may be truncated or incomplete.
#
#  Out of Memory Error (os_windows.cpp:3548), pid=26376, tid=13744
#
# JRE version:  (17.0.12+8) (build )
# Java VM: Java HotSpot(TM) 64-Bit Server VM (17.0.12+8-LTS-286, mixed mode, sharing, tiered, compressed oops, compressed class ptrs, g1 gc, windows-amd64)
# No core dump will be written. Minidumps are not enabled by default on client versions of Windows
#

---------------  S U M M A R Y ------------

Command Line: -Xmx128m org.apache.spark.launcher.Main org.apache.spark.deploy.SparkSubmit --conf spark.app.name=CovidTrendAnalysis --conf spark.master=local[*] --conf spark.driver.bindAddress=127.0.0.1 --conf spark.ui.port=4040 pyspark-shell

Host: AMD Ryzen 5 7520U with Radeon Graphics         , 8 cores, 15G,  Windows 11 , 64 bit Build 26100 (10.0.26100.7309)
Time: Thu Dec 18 19:11:40 2025 India Standard Time elapsed time: 0.015716 seconds (0d 0h 0m 0s)

---------------  T H R E A D  ---------------

Current thread (0x000001f05cd0f830):  JavaThread "Unknown thread" [_thread_in_vm, id=13744, stack(0x00000009f6200000,0x00000009f6300000)]

Stack: [0x00000009f6200000,0x00000009f6300000]
Native frames: (J=compiled Java code, j=interpreted, Vv=VM code, C=native code)
V  [jvm.dll+0x67a04a]
V  [jvm.dll+0x7da4ed]
V  [jvm.dll+0x7dbe33]
V  [jvm.dll+0x7dc4a3]
V  [jvm.dll+0x24508f]
V  [jvm.dll+0x677089]
V  [jvm.dll+0x66bd32]
V  [jvm.dll+0x301fa6]
V  [jvm.dll+0x309546]
V  [jvm.dll+0x359d2e]
V  [jvm.dll+0x359f5f]
V  [jvm.dll+0x2d9078]
V  [jvm.dll+0x2d9fe4]
V  [jvm.dll+0x7aca21]
V  [jvm.dll+0x367591]
V  [jvm.dll+0x78b999]
V  [jvm.dll+0x3ec83f]
V  [jvm.dll+0x3ee471]
C  [jli.dll+0x5297]
C  [ucrtbase.dll+0x37b0]
C  [KERNEL32.DLL+0x2e8d7]
C  [ntdll.dll+0x8c53c]


---------------  P R O C E S S  ---------------

Threads class SMR info:
_java_thread_list=0x00007ffc71b37a18, length=0, elements={
}

Java Threads: ( => current thread )

Other Threads:
  0x000001f05cd39cf0 GCTaskThread "GC Thread#0" [stack: 0x00000009f6300000,0x00000009f6400000] [id=7292]
  0x000001f05cd3b340 ConcurrentGCThread "G1 Main Marker" [stack: 0x00000009f6400000,0x00000009f6500000] [id=14364]
  0x000001f05cd3f1b0 ConcurrentGCThread "G1 Conc#0" [stack: 0x00000009f6500000,0x00000009f6600000] [id=20104]

[error occurred during error reporting (printing all threads), id 0xc0000005, EXCEPTION_ACCESS_VIOLATION (0xc0000005) at pc=0x00007ffc71369b67]

VM state: not at safepoint (not fully initialized)

VM Mutex/Monitor currently owned by a thread:  ([mutex/lock_event])
[0x000001f05cd0b600] Heap_lock - owner thread: 0x000001f05cd0f830

Heap address: 0x00000000f8000000, size: 128 MB, Compressed Oops mode: 32-bit

CDS archive(s) mapped at: [0x0000000000000000-0x0000000000000000-0x0000000000000000), size 0, SharedBaseAddress: 0x0000000800000000, ArchiveRelocationMode: 1.
Narrow klass base: 0x0000000000000000, Narrow klass shift: 0, Narrow klass range: 0x0

GC Precious Log:
<Empty>

Heap:
 garbage-first heap   total 0K, used 0K [0x00000000f8000000, 0x0000000100000000)
  region size 1024K, 0 young (0K), 0 survivors (0K)

[error occurred during error reporting (printing heap information), id 0xc0000005, EXCEPTION_ACCESS_VIOLATION (0xc0000005) at pc=0x00007ffc71753859]

GC Heap History (0 events):
No events

Deoptimization events (0 events):
No events

Classes unloaded (0 events):
No events

Classes redefined (0 events):
No events

Internal exceptions (0 events):
No events

VM Operations (0 events):
No events

Events (1 events):
Event: 0.008 Loaded shared library C:\Program Files\Java\jdk-17\bin\java.dll


Dynamic libraries:
0x00007ff754de0000 - 0x00007ff754df0000 	C:\Program Files\Java\jdk-17\bin\java.exe
0x00007ffcf30c0000 - 0x00007ffcf3327000 	C:\WINDOWS\SYSTEM32\ntdll.dll
0x00007ffccd340000 - 0x00007ffccd360000 	C:\Program Files\AVG\Antivirus\aswhook.dll
0x00007ffcf1b50000 - 0x00007ffcf1c19000 	C:\WINDOWS\System32\KERNEL32.DLL
0x00007ffcf0570000 - 0x00007ffcf095f000 	C:\WINDOWS\System32\KERNELBASE.dll
0x00007ffcf0ad0000 - 0x00007ffcf0c1b000 	C:\WINDOWS\System32\ucrtbase.dll
0x00007ffcc3570000 - 0x00007ffcc3589000 	C:\Program Files\Java\jdk-17\bin\jli.dll
0x00007ffcca1a0000 - 0x00007ffcca1bb000 	C:\Program Files\Java\jdk-17\bin\VCRUNTIME140.dll
0x00007ffcf16f0000 - 0x00007ffcf17a4000 	C:\WINDOWS\System32\ADVAPI32.dll
0x00007ffcf1f50000 - 0x00007ffcf1ff9000 	C:\WINDOWS\System32\msvcrt.dll
0x00007ffcf2000000 - 0x00007ffcf20a6000 	C:\WINDOWS\System32\sechost.dll
0x00007ffcf1380000 - 0x00007ffcf1498000 	C:\WINDOWS\System32\RPCRT4.dll
0x00007ffcf1520000 - 0x00007ffcf16e5000 	C:\WINDOWS\System32\USER32.dll
0x00007ffcf0cb0000 - 0x00007ffcf0cd7000 	C:\WINDOWS\System32\win32u.dll
0x00007ffcd5950000 - 0x00007ffcd5be3000 	C:\WINDOWS\WinSxS\amd64_microsoft.windows.common-controls_6595b64144ccf1df_6.0.26100.7309_none_3e05feeae336a044\COMCTL32.dll
0x00007ffcf0fc0000 - 0x00007ffcf0feb000 	C:\WINDOWS\System32\GDI32.dll
0x00007ffcf0380000 - 0x00007ffcf04ac000 	C:\WINDOWS\System32\gdi32full.dll
0x00007ffcf0a20000 - 0x00007ffcf0ac3000 	C:\WINDOWS\System32\msvcp_win.dll
0x00007ffce85f0000 - 0x00007ffce85fb000 	C:\WINDOWS\SYSTEM32\VERSION.dll
0x00007ffcf0e80000 - 0x00007ffcf0eb1000 	C:\WINDOWS\System32\IMM32.DLL
0x00007ffcca400000 - 0x00007ffcca40c000 	C:\Program Files\Java\jdk-17\bin\vcruntime140_1.dll
0x00007ffca6d80000 - 0x00007ffca6e0e000 	C:\Program Files\Java\jdk-17\bin\msvcp140.dll
0x00007ffc71080000 - 0x00007ffc71c60000 	C:\Program Files\Java\jdk-17\bin\server\jvm.dll
0x00007ffcf17e0000 - 0x00007ffcf17e8000 	C:\WINDOWS\System32\PSAPI.DLL
0x00007ffcde110000 - 0x00007ffcde11a000 	C:\WINDOWS\SYSTEM32\WSOCK32.dll
0x00007ffce3830000 - 0x00007ffce3865000 	C:\WINDOWS\SYSTEM32\WINMM.dll
0x00007ffcf3000000 - 0x00007ffcf3074000 	C:\WINDOWS\System32\WS2_32.dll
0x00007ffceefc0000 - 0x00007ffceefdb000 	C:\WINDOWS\SYSTEM32\kernel.appcore.dll
0x00007ffcca360000 - 0x00007ffcca36a000 	C:\Program Files\Java\jdk-17\bin\jimage.dll
0x00007ffce8900000 - 0x00007ffce8b42000 	C:\WINDOWS\SYSTEM32\DBGHELP.DLL
0x00007ffcf0ff0000 - 0x00007ffcf1375000 	C:\WINDOWS\System32\combase.dll
0x00007ffcf25e0000 - 0x00007ffcf26b6000 	C:\WINDOWS\System32\OLEAUT32.dll
0x00007ffce29e0000 - 0x00007ffce2a1c000 	C:\WINDOWS\SYSTEM32\dbgcore.DLL
0x00007ffcf0970000 - 0x00007ffcf0a15000 	C:\WINDOWS\System32\bcryptPrimitives.dll
0x00007ffcbedc0000 - 0x00007ffcbede5000 	C:\Program Files\Java\jdk-17\bin\java.dll

dbghelp: loaded successfully - version: 4.0.5 - missing functions: none
symbol engine: initialized successfully - sym options: 0x614 - pdb path: .;C:\Program Files\Java\jdk-17\bin;C:\WINDOWS\SYSTEM32;C:\Program Files\AVG\Antivirus;C:\WINDOWS\WinSxS\amd64_microsoft.windows.common-controls_6595b64144ccf1df_6.0.26100.7309_none_3e05feeae336a044;C:\Program Files\Java\jdk-17\bin\server

VM Arguments:
jvm_args: -Xmx128m 
java_command: org.apache.spark.launcher.Main org.apache.spark.deploy.SparkSubmit --conf spark.app.name=CovidTrendAnalysis --conf spark.master=local[*] --conf spark.driver.bindAddress=127.0.0.1 --conf spark.ui.port=4040 pyspark-shell
java_class_path (initial): C:\spark\jars\aircompressor-2.0.2.jar;C:\spark\jars\algebra_2.13-2.8.0.jar;C:\spark\jars\annotations-17.0.0.jar;C:\spark\jars\antlr-runtime-3.5.2.jar;C:\spark\jars\antlr4-runtime-4.13.1.jar;C:\spark\jars\aopalliance-repackaged-3.0.6.jar;C:\spark\jars\arpack-3.0.3.jar;C:\spark\jars\arpack_combined_all-0.1.jar;C:\spark\jars\arrow-format-18.1.0.jar;C:\spark\jars\arrow-memory-core-18.1.0.jar;C:\spark\jars\arrow-memory-netty-18.1.0.jar;C:\spark\jars\arrow-memory-netty-buffer-patch-18.1.0.jar;C:\spark\jars\arrow-vector-18.1.0.jar;C:\spark\jars\audience-annotations-0.12.0.jar;C:\spark\jars\avro-1.12.0.jar;C:\spark\jars\avro-ipc-1.12.0.jar;C:\spark\jars\avro-mapred-1.12.0.jar;C:\spark\jars\bcprov-jdk18on-1.80.jar;C:\spark\jars\blas-3.0.3.jar;C:\spark\jars\breeze-macros_2.13-2.1.0.jar;C:\spark\jars\breeze_2.13-2.1.0.jar;C:\spark\jars\cats-kernel_2.13-2.8.0.jar;C:\spark\jars\checker-qual-3.43.0.jar;C:\spark\jars\chill-java-0.10.0.jar;C:\spark\jars\chill_2.13-0.10.0.jar;C:\spark\jars\commons-cli-1.9.0.jar;C:\spark\jars\commons-codec-1.17.2.jar;C:\spark\jars\commons-collections-3.2.2.jar;C:\spark\jars\commons-collections4-4.4.jar;C:\spark\jars\commons-compiler-3.1.9.jar;C:\spark\jars\commons-compress-1.27.1.jar;C:\spark\jars\commons-crypto-1.1.0.jar;C:\spark\jars\commons-dbcp-1.4.jar;C:\spark\jars\commons-io-2.18.0.jar;C:\spark\jars\commons-lang-2.6.jar;C:\spark\jars\commons-lang3-3.17.0.jar;C:\spark\jars\commons-math3-3.6.1.jar;C:\spark\jars\commons-pool-1.5.4.jar;C:\spark\jars\commons-text-1.13.0.jar;C:\spark\jars\compress-lzf-1.1.2.jar;C:\spark\jars\curator-client-5.7.1.jar;C:\spark\jars\curator-framework-5.7.1.jar;C:\spark\jars\curator-recipes-5.7.1.jar;C:\spark\jars\datanucleus-api-jdo-4.2.4.jar;C:\spark\jars\datanucleus-core-4.1.17.jar;C:\spark\jars\datanucleus-rdbms-4.1.19.jar;C:\spark\jars\datasketches-java-6.1.1.jar;C:\spark\jars\datasketches-memory-3.0.2.jar;C:\spark\jars\derby-10.16.1.1.jar;C:\spark\jars\derbyshared-10.16.1.1.jar;C:\spark
Launcher Type: SUN_STANDARD

[Global flags]
     intx CICompilerCount                          = 4                                         {product} {ergonomic}
     uint ConcGCThreads                            = 2                                         {product} {ergonomic}
     uint G1ConcRefinementThreads                  = 8                                         {product} {ergonomic}
   size_t G1HeapRegionSize                         = 1048576                                   {product} {ergonomic}
    uintx GCDrainStackTargetSize                   = 64                                        {product} {ergonomic}
   size_t InitialHeapSize                          = 134217728                                 {product} {ergonomic}
   size_t MarkStackSize                            = 4194304                                   {product} {ergonomic}
   size_t MaxHeapSize                              = 134217728                                 {product} {command line}
   size_t MinHeapDeltaBytes                        = 1048576                                   {product} {ergonomic}
   size_t MinHeapSize                              = 8388608                                   {product} {ergonomic}
    uintx NonNMethodCodeHeapSize                   = 5839372                                {pd product} {ergonomic}
    uintx NonProfiledCodeHeapSize                  = 122909434                              {pd product} {ergonomic}
    uintx ProfiledCodeHeapSize                     = 122909434                              {pd product} {ergonomic}
    uintx ReservedCodeCacheSize                    = 251658240                              {pd product} {ergonomic}
     bool SegmentedCodeCache                       = true                                      {product} {ergonomic}
   size_t SoftMaxHeapSize                          = 134217728                              {manageable} {ergonomic}
     bool UseCompressedClassPointers               = true                           {product lp64_product} {ergonomic}
     bool UseCompressedOops                        = true                           {product lp64_product} {ergonomic}
     bool UseG1GC                                  = true                                      {product} {ergonomic}
     bool UseLargePagesIndividualAllocation        = false                                  {pd product} {ergonomic}

Logging:
Log output configuration:
 #0: stdout all=warning uptime,level,tags
 #1: stderr all=off uptime,level,tags

Environment Variables:
JAVA_HOME=C:\Program Files\Java\jdk-17
PATH=C:\Program Files\Common Files\Oracle\Java\javapath;C:\Program Files (x86)\Common Files\Oracle\Java\java8path;C:\Program Files (x86)\Common Files\Oracle\Java\javapath;C:\WINDOWS\system32;C:\WINDOWS;C:\WINDOWS\System32\Wbem;C:\WINDOWS\System32\WindowsPowerShell\v1.0\;C:\WINDOWS\System32\OpenSSH\;C:\Program Files\Java\jdk-17\bin;C:\spark\bin;C:\hadoop\bin;E:\cursor\resources\app\bin;C:\Program Files\nodejs\;C:\Users\Admin\Downloads\hadoop-2.9.2;C:\Users\Admin\AppData\Local\Programs\Python\Python313\;C:\Users\Admin\AppData\Local\Microsoft\WindowsApps;C:\Users\Admin\AppData\Local\Programs\Microsoft VS Code\bin;C:\Users\Admin\AppData\Local\Programs\cursor\resources\app\bin;C:\Users\Admin\Downloads\hadoop\hadoop-2.9.2\hadoop-2.9.2\bin;C:\Users\Admin\Downloads\hadoop\hadoop-2.9.2\hadoop-2.9.2\sbin;C:\Users\Admin\AppData\Local\Programs\Qoder\bin;C:\Users\Admin\AppData\Roaming\npm;C:\Users\Admin\AppData\Local\Programs\Antigravity\bin;c:\Users\Admin\.antigravity\extensions\ms-python.debugpy-2025.14.1-win32-x64\bundled\scripts\noConfigScripts
USERNAME=Admin
LANG=en_US.UTF-8
OS=Windows_NT
PROCESSOR_IDENTIFIER=AMD64 Family 23 Model 160 Stepping 0, AuthenticAMD



---------------  S Y S T E M  ---------------

OS:
 Windows 11 , 64 bit Build 26100 (10.0.26100.7309)
OS uptime: 2 days 22:57 hours

CPU: total 8 (initial active 8) (8 cores per cpu, 2 threads per core) family 23 model 160 stepping 0 microcode 0x8a00006, cx8, cmov, fxsr, ht, mmx, 3dnowpref, sse, sse2, sse3, ssse3, sse4a, sse4.1, sse4.2, popcnt, lzcnt, tsc, tscinvbit, avx, avx2, aes, clmul, bmi1, bmi2, adx, sha, fma, vzeroupper, clflush, clflushopt

Memory: 4k page, system-wide physical 15647M (2737M free)
TotalPageFile size 20801M (AvailPageFile size 99M)
current process WorkingSet (physical memory assigned to process): 12M, peak: 12M
current process commit charge ("private bytes"): 60M, peak: 188M

vm_info: Java HotSpot(TM) 64-Bit Server VM (17.0.12+8-LTS-286) for windows-amd64 JRE (17.0.12+8-LTS-286), built on Jun  5 2024 06:46:59 by "mach5one" with MS VC++ 17.6 (VS2022)

END.
